DEBUG: Running [gcloud.builds.submit] with arguments: [--config: "cloudbuild.yaml", --verbosity: "debug"]
DEBUG: Starting new HTTPS connection (1): iamcredentials.googleapis.com:443
DEBUG: https://iamcredentials.googleapis.com:443 "GET /v1/projects/-/serviceAccounts/wf663310@gmail.com/allowedLocations HTTP/1.1" 404 None
Regional Access Boundary HTTP request failed after retries: response_data={'error': {'code': 404, 'message': 'Not found; Gaia id not found for email wf663310@gmail.com', 'status': 'NOT_FOUND'}}, retryable_error=False
DEBUG: Starting new HTTPS connection (1): storage.googleapis.com:443
DEBUG: https://storage.googleapis.com:443 "GET /storage/v1/b/project-eed68c53-531e-44c6-adf_cloudbuild?alt=json HTTP/1.1" 200 949
DEBUG: https://storage.googleapis.com:443 "GET /storage/v1/b?alt=json&maxResults=1000&prefix=project-eed68c53-531e-44c6-adf_cloudbuild&project=project-eed68c53-531e-44c6-adf HTTP/1.1" 200 1123
INFO: Not using ignore file.
Creating temporary archive of 6 file(s) totalling 4.4 KiB before compression.
DEBUG: Added [cloudbuild.yaml]
DEBUG: Added [build.log]
DEBUG: Added [README.md]
DEBUG: Added [Dockerfile]
DEBUG: Added [cloudbuild.json]
DEBUG: Added [test.cloudbuild.yaml]
Uploading tarball of [.] to [gs://project-eed68c53-531e-44c6-adf_cloudbuild/source/1783987622.835982-5545e4291cbd46c2905a4e5162ba1db5.tgz]
INFO: Uploading [/tmp/tmp4jhgu35o/file.tgz] to [project-eed68c53-531e-44c6-adf_cloudbuild/source/1783987622.835982-5545e4291cbd46c2905a4e5162ba1db5.tgz]
DEBUG: https://storage.googleapis.com:443 "POST /upload/storage/v1/b/project-eed68c53-531e-44c6-adf_cloudbuild/o?alt=json&name=source%2F1783987622.835982-5545e4291cbd46c2905a4e5162ba1db5.tgz&uploadType=multipart HTTP/1.1" 200 1109
DEBUG: submitting build: <Build
 dependencies: []
 images: []
 secrets: []
 source: <Source
 storageSource: <StorageSource
 bucket: 'project-eed68c53-531e-44c6-adf_cloudbuild'
 generation: 1783987623174391
 object: 'source/1783987622.835982-5545e4291cbd46c2905a4e5162ba1db5.tgz'>>
 steps: [<BuildStep
 allowExitCodes: []
 args: ['build', '-t', 'gcr.io/project-eed68c53-531e-44c6-adf/myimage:latest', '.']
 env: []
 id: 'docker-build'
 name: 'gcr.io/cloud-builders/docker'
 results: []
 secretEnv: []
 volumes: []
 waitFor: []>, <BuildStep
 allowExitCodes: []
 args: ['push', 'gcr.io/project-eed68c53-531e-44c6-adf/myimage:latest']
 env: []
 id: 'docker-push'
 name: 'gcr.io/cloud-builders/docker'
 results: []
 secretEnv: []
 volumes: []
 waitFor: ['docker-build']>, <BuildStep
 allowExitCodes: []
 args: ['run', 'deploy', 'my-service', '--image=gcr.io/project-eed68c53-531e-44c6-adf/myimage:latest', '--platform=managed', '--region=us-central1', '--allow-unauthenticated', '--memory=512Mi', '--cpu=1', '--quiet']
 env: []
 id: 'deploy-cloudrun'
 name: 'gcr.io/cloud-builders/gcloud'
 results: []
 secretEnv: []
 volumes: []
 waitFor: ['docker-push']>, <BuildStep
 allowExitCodes: []
 args: ['-c', 'echo "========================================="\necho "DEPLOY CONCLUIDO COM SUCESSO!"\necho "========================================="\necho "Servico: my-service"\necho "Regiao: us-central1"\necho ""\necho "Para testar o servico, execute:"\necho "  gcloud run services describe my-service --region=us-central1 --format=\'value(status.url)\'"\necho "========================================="\n']
 entrypoint: 'bash'
 env: []
 id: 'final-info'
 name: 'gcr.io/cloud-builders/gcloud'
 results: []
 secretEnv: []
 volumes: []
 waitFor: ['deploy-cloudrun']>]
 tags: []
 warnings: []>
DEBUG: Starting new HTTPS connection (1): iamcredentials.googleapis.com:443
DEBUG: https://iamcredentials.googleapis.com:443 "GET /v1/projects/-/serviceAccounts/wf663310@gmail.com/allowedLocations HTTP/1.1" 404 None
Regional Access Boundary HTTP request failed after retries: response_data={'error': {'code': 404, 'message': 'Not found; Gaia id not found for email wf663310@gmail.com', 'status': 'NOT_FOUND'}}, retryable_error=False
DEBUG: Starting new HTTPS connection (1): cloudbuild.googleapis.com:443
DEBUG: https://cloudbuild.googleapis.com:443 "POST /v1/projects/project-eed68c53-531e-44c6-adf/locations/global/builds?alt=json HTTP/1.1" 200 None
Created [https://cloudbuild.googleapis.com/v1/projects/project-eed68c53-531e-44c6-adf/locations/global/builds/33df7299-d822-40f3-aa7e-bd03482ae715].
Logs are available at [ https://console.cloud.google.com/cloud-build/builds/33df7299-d822-40f3-aa7e-bd03482ae715?project=918399584040 ].
DEBUG: https://cloudbuild.googleapis.com:443 "GET /v1/projects/project-eed68c53-531e-44c6-adf/locations/global/builds/33df7299-d822-40f3-aa7e-bd03482ae715?alt=json HTTP/1.1" 200 None
DEBUG: GCS logfile url is https://storage.googleapis.com/918399584040.cloudbuild-logs.googleusercontent.com/log-33df7299-d822-40f3-aa7e-bd03482ae715.txt
DEBUG: Starting new HTTPS connection (1): iamcredentials.googleapis.com:443
Waiting for build to complete. Polling interval: 1 second(s).
DEBUG: https://iamcredentials.googleapis.com:443 "GET /v1/projects/-/serviceAccounts/wf663310@gmail.com/allowedLocations HTTP/1.1" 404 None
Regional Access Boundary HTTP request failed after retries: response_data={'error': {'code': 404, 'message': 'Not found; Gaia id not found for email wf663310@gmail.com', 'status': 'NOT_FOUND'}}, retryable_error=False
DEBUG: Starting new HTTPS connection (1): storage.googleapis.com:443
DEBUG: https://storage.googleapis.com:443 "GET /918399584040.cloudbuild-logs.googleusercontent.com/log-33df7299-d822-40f3-aa7e-bd03482ae715.txt HTTP/1.1" 404 257
DEBUG: Reading GCS logfile: 404 (no log yet; keep polling)
DEBUG: https://cloudbuild.googleapis.com:443 "GET /v1/projects/project-eed68c53-531e-44c6-adf/locations/global/builds/33df7299-d822-40f3-aa7e-bd03482ae715?alt=json HTTP/1.1" 200 None
DEBUG: https://storage.googleapis.com:443 "GET /918399584040.cloudbuild-logs.googleusercontent.com/log-33df7299-d822-40f3-aa7e-bd03482ae715.txt HTTP/1.1" 404 257
DEBUG: Reading GCS logfile: 404 (no log yet; keep polling)
DEBUG: https://cloudbuild.googleapis.com:443 "GET /v1/projects/project-eed68c53-531e-44c6-adf/locations/global/builds/33df7299-d822-40f3-aa7e-bd03482ae715?alt=json HTTP/1.1" 200 None
DEBUG: https://storage.googleapis.com:443 "GET /918399584040.cloudbuild-logs.googleusercontent.com/log-33df7299-d822-40f3-aa7e-bd03482ae715.txt HTTP/1.1" 416 164
DEBUG: Reading GCS logfile: 416 (no new content; keep polling)
DEBUG: https://storage.googleapis.com:443 "GET /918399584040.cloudbuild-logs.googleusercontent.com/log-33df7299-d822-40f3-aa7e-bd03482ae715.txt HTTP/1.1" 206 218
DEBUG: Reading GCS logfile: 206 (read 218 bytes)
DEBUG: https://cloudbuild.googleapis.com:443 "GET /v1/projects/project-eed68c53-531e-44c6-adf/locations/global/builds/33df7299-d822-40f3-aa7e-bd03482ae715?alt=json HTTP/1.1" 200 None
DEBUG: https://storage.googleapis.com:443 "GET /918399584040.cloudbuild-logs.googleusercontent.com/log-33df7299-d822-40f3-aa7e-bd03482ae715.txt HTTP/1.1" 206 382
DEBUG: Reading GCS logfile: 206 (read 382 bytes)
DEBUG: https://cloudbuild.googleapis.com:443 "GET /v1/projects/project-eed68c53-531e-44c6-adf/locations/global/builds/33df7299-d822-40f3-aa7e-bd03482ae715?alt=json HTTP/1.1" 200 None
DEBUG: https://storage.googleapis.com:443 "GET /918399584040.cloudbuild-logs.googleusercontent.com/log-33df7299-d822-40f3-aa7e-bd03482ae715.txt HTTP/1.1" 206 6
DEBUG: Reading GCS logfile: 206 (read 6 bytes)
DEBUG: https://cloudbuild.googleapis.com:443 "GET /v1/projects/project-eed68c53-531e-44c6-adf/locations/global/builds/33df7299-d822-40f3-aa7e-bd03482ae715?alt=json HTTP/1.1" 200 None
DEBUG: https://storage.googleapis.com:443 "GET /918399584040.cloudbuild-logs.googleusercontent.com/log-33df7299-d822-40f3-aa7e-bd03482ae715.txt HTTP/1.1" 206 248
DEBUG: Reading GCS logfile: 206 (read 248 bytes)
DEBUG: https://storage.googleapis.com:443 "GET /918399584040.cloudbuild-logs.googleusercontent.com/log-33df7299-d822-40f3-aa7e-bd03482ae715.txt HTTP/1.1" 206 838
DEBUG: Reading GCS logfile: 206 (read 838 bytes)
DEBUG: https://cloudbuild.googleapis.com:443 "GET /v1/projects/project-eed68c53-531e-44c6-adf/locations/global/builds/33df7299-d822-40f3-aa7e-bd03482ae715?alt=json HTTP/1.1" 200 None
DEBUG: https://storage.googleapis.com:443 "GET /918399584040.cloudbuild-logs.googleusercontent.com/log-33df7299-d822-40f3-aa7e-bd03482ae715.txt HTTP/1.1" 206 212
DEBUG: Reading GCS logfile: 206 (read 212 bytes)
DEBUG: https://cloudbuild.googleapis.com:443 "GET /v1/projects/project-eed68c53-531e-44c6-adf/locations/global/builds/33df7299-d822-40f3-aa7e-bd03482ae715?alt=json HTTP/1.1" 200 None
DEBUG: https://storage.googleapis.com:443 "GET /918399584040.cloudbuild-logs.googleusercontent.com/log-33df7299-d822-40f3-aa7e-bd03482ae715.txt HTTP/1.1" 416 167
DEBUG: Reading GCS logfile: 416 (no new content; keep polling)
DEBUG: https://cloudbuild.googleapis.com:443 "GET /v1/projects/project-eed68c53-531e-44c6-adf/locations/global/builds/33df7299-d822-40f3-aa7e-bd03482ae715?alt=json HTTP/1.1" 200 None
DEBUG: https://storage.googleapis.com:443 "GET /918399584040.cloudbuild-logs.googleusercontent.com/log-33df7299-d822-40f3-aa7e-bd03482ae715.txt HTTP/1.1" 206 285
DEBUG: Reading GCS logfile: 206 (read 285 bytes)
DEBUG: https://cloudbuild.googleapis.com:443 "GET /v1/projects/project-eed68c53-531e-44c6-adf/locations/global/builds/33df7299-d822-40f3-aa7e-bd03482ae715?alt=json HTTP/1.1" 200 None
DEBUG: https://storage.googleapis.com:443 "GET /918399584040.cloudbuild-logs.googleusercontent.com/log-33df7299-d822-40f3-aa7e-bd03482ae715.txt HTTP/1.1" 416 167
DEBUG: Reading GCS logfile: 416 (no new content; keep polling)
DEBUG: https://cloudbuild.googleapis.com:443 "GET /v1/projects/project-eed68c53-531e-44c6-adf/locations/global/builds/33df7299-d822-40f3-aa7e-bd03482ae715?alt=json HTTP/1.1" 200 None
DEBUG: https://storage.googleapis.com:443 "GET /918399584040.cloudbuild-logs.googleusercontent.com/log-33df7299-d822-40f3-aa7e-bd03482ae715.txt HTTP/1.1" 416 167
DEBUG: Reading GCS logfile: 416 (no new content; keep polling)
DEBUG: https://storage.googleapis.com:443 "GET /918399584040.cloudbuild-logs.googleusercontent.com/log-33df7299-d822-40f3-aa7e-bd03482ae715.txt HTTP/1.1" 416 167
DEBUG: Reading GCS logfile: 416 (no new content; keep polling)
DEBUG: https://cloudbuild.googleapis.com:443 "GET /v1/projects/project-eed68c53-531e-44c6-adf/locations/global/builds/33df7299-d822-40f3-aa7e-bd03482ae715?alt=json HTTP/1.1" 200 None
DEBUG: https://storage.googleapis.com:443 "GET /918399584040.cloudbuild-logs.googleusercontent.com/log-33df7299-d822-40f3-aa7e-bd03482ae715.txt HTTP/1.1" 206 190
DEBUG: Reading GCS logfile: 206 (read 190 bytes)
DEBUG: https://cloudbuild.googleapis.com:443 "GET /v1/projects/project-eed68c53-531e-44c6-adf/locations/global/builds/33df7299-d822-40f3-aa7e-bd03482ae715?alt=json HTTP/1.1" 200 None
DEBUG: https://storage.googleapis.com:443 "GET /918399584040.cloudbuild-logs.googleusercontent.com/log-33df7299-d822-40f3-aa7e-bd03482ae715.txt HTTP/1.1" 206 65
DEBUG: Reading GCS logfile: 206 (read 65 bytes)
DEBUG: https://cloudbuild.googleapis.com:443 "GET /v1/projects/project-eed68c53-531e-44c6-adf/locations/global/builds/33df7299-d822-40f3-aa7e-bd03482ae715?alt=json HTTP/1.1" 200 None
DEBUG: https://storage.googleapis.com:443 "GET /918399584040.cloudbuild-logs.googleusercontent.com/log-33df7299-d822-40f3-aa7e-bd03482ae715.txt HTTP/1.1" 416 167
DEBUG: Reading GCS logfile: 416 (no new content; keep polling)
DEBUG: https://cloudbuild.googleapis.com:443 "GET /v1/projects/project-eed68c53-531e-44c6-adf/locations/global/builds/33df7299-d822-40f3-aa7e-bd03482ae715?alt=json HTTP/1.1" 200 None
DEBUG: https://storage.googleapis.com:443 "GET /918399584040.cloudbuild-logs.googleusercontent.com/log-33df7299-d822-40f3-aa7e-bd03482ae715.txt HTTP/1.1" 416 167
DEBUG: Reading GCS logfile: 416 (no new content; keep polling)
DEBUG: https://cloudbuild.googleapis.com:443 "GET /v1/projects/project-eed68c53-531e-44c6-adf/locations/global/builds/33df7299-d822-40f3-aa7e-bd03482ae715?alt=json HTTP/1.1" 200 None
DEBUG: https://storage.googleapis.com:443 "GET /918399584040.cloudbuild-logs.googleusercontent.com/log-33df7299-d822-40f3-aa7e-bd03482ae715.txt HTTP/1.1" 416 167
DEBUG: Reading GCS logfile: 416 (no new content; keep polling)
DEBUG: https://cloudbuild.googleapis.com:443 "GET /v1/projects/project-eed68c53-531e-44c6-adf/locations/global/builds/33df7299-d822-40f3-aa7e-bd03482ae715?alt=json HTTP/1.1" 200 None
DEBUG: https://storage.googleapis.com:443 "GET /918399584040.cloudbuild-logs.googleusercontent.com/log-33df7299-d822-40f3-aa7e-bd03482ae715.txt HTTP/1.1" 206 1231
DEBUG: Reading GCS logfile: 206 (read 1231 bytes)
DEBUG: https://cloudbuild.googleapis.com:443 "GET /v1/projects/project-eed68c53-531e-44c6-adf/locations/global/builds/33df7299-d822-40f3-aa7e-bd03482ae715?alt=json HTTP/1.1" 200 None
DEBUG: https://storage.googleapis.com:443 "GET /918399584040.cloudbuild-logs.googleusercontent.com/log-33df7299-d822-40f3-aa7e-bd03482ae715.txt HTTP/1.1" 416 167
DEBUG: Reading GCS logfile: 416 (no new content; keep polling)
DEBUG: https://storage.googleapis.com:443 "GET /918399584040.cloudbuild-logs.googleusercontent.com/log-33df7299-d822-40f3-aa7e-bd03482ae715.txt HTTP/1.1" 416 167
DEBUG: Reading GCS logfile: 416 (no new content; keep polling)
DEBUG: https://cloudbuild.googleapis.com:443 "GET /v1/projects/project-eed68c53-531e-44c6-adf/locations/global/builds/33df7299-d822-40f3-aa7e-bd03482ae715?alt=json HTTP/1.1" 200 None
DEBUG: https://storage.googleapis.com:443 "GET /918399584040.cloudbuild-logs.googleusercontent.com/log-33df7299-d822-40f3-aa7e-bd03482ae715.txt HTTP/1.1" 416 167
DEBUG: Reading GCS logfile: 416 (no new content; keep polling)
DEBUG: https://cloudbuild.googleapis.com:443 "GET /v1/projects/project-eed68c53-531e-44c6-adf/locations/global/builds/33df7299-d822-40f3-aa7e-bd03482ae715?alt=json HTTP/1.1" 200 None
DEBUG: https://storage.googleapis.com:443 "GET /918399584040.cloudbuild-logs.googleusercontent.com/log-33df7299-d822-40f3-aa7e-bd03482ae715.txt HTTP/1.1" 416 167
DEBUG: Reading GCS logfile: 416 (no new content; keep polling)
DEBUG: https://cloudbuild.googleapis.com:443 "GET /v1/projects/project-eed68c53-531e-44c6-adf/locations/global/builds/33df7299-d822-40f3-aa7e-bd03482ae715?alt=json HTTP/1.1" 200 None
DEBUG: https://storage.googleapis.com:443 "GET /918399584040.cloudbuild-logs.googleusercontent.com/log-33df7299-d822-40f3-aa7e-bd03482ae715.txt HTTP/1.1" 416 167
DEBUG: Reading GCS logfile: 416 (no new content; keep polling)
DEBUG: https://cloudbuild.googleapis.com:443 "GET /v1/projects/project-eed68c53-531e-44c6-adf/locations/global/builds/33df7299-d822-40f3-aa7e-bd03482ae715?alt=json HTTP/1.1" 200 None
DEBUG: https://storage.googleapis.com:443 "GET /918399584040.cloudbuild-logs.googleusercontent.com/log-33df7299-d822-40f3-aa7e-bd03482ae715.txt HTTP/1.1" 416 167
DEBUG: Reading GCS logfile: 416 (no new content; keep polling)
DEBUG: https://cloudbuild.googleapis.com:443 "GET /v1/projects/project-eed68c53-531e-44c6-adf/locations/global/builds/33df7299-d822-40f3-aa7e-bd03482ae715?alt=json HTTP/1.1" 200 None
DEBUG: https://storage.googleapis.com:443 "GET /918399584040.cloudbuild-logs.googleusercontent.com/log-33df7299-d822-40f3-aa7e-bd03482ae715.txt HTTP/1.1" 416 167
DEBUG: Reading GCS logfile: 416 (no new content; keep polling)
DEBUG: https://cloudbuild.googleapis.com:443 "GET /v1/projects/project-eed68c53-531e-44c6-adf/locations/global/builds/33df7299-d822-40f3-aa7e-bd03482ae715?alt=json HTTP/1.1" 200 None
DEBUG: https://storage.googleapis.com:443 "GET /918399584040.cloudbuild-logs.googleusercontent.com/log-33df7299-d822-40f3-aa7e-bd03482ae715.txt HTTP/1.1" 416 167
DEBUG: Reading GCS logfile: 416 (no new content; keep polling)
DEBUG: https://storage.googleapis.com:443 "GET /918399584040.cloudbuild-logs.googleusercontent.com/log-33df7299-d822-40f3-aa7e-bd03482ae715.txt HTTP/1.1" 416 167
DEBUG: Reading GCS logfile: 416 (no new content; keep polling)
DEBUG: https://cloudbuild.googleapis.com:443 "GET /v1/projects/project-eed68c53-531e-44c6-adf/locations/global/builds/33df7299-d822-40f3-aa7e-bd03482ae715?alt=json HTTP/1.1" 200 None
DEBUG: https://storage.googleapis.com:443 "GET /918399584040.cloudbuild-logs.googleusercontent.com/log-33df7299-d822-40f3-aa7e-bd03482ae715.txt HTTP/1.1" 416 167
DEBUG: Reading GCS logfile: 416 (no new content; keep polling)
DEBUG: https://cloudbuild.googleapis.com:443 "GET /v1/projects/project-eed68c53-531e-44c6-adf/locations/global/builds/33df7299-d822-40f3-aa7e-bd03482ae715?alt=json HTTP/1.1" 200 None
DEBUG: https://storage.googleapis.com:443 "GET /918399584040.cloudbuild-logs.googleusercontent.com/log-33df7299-d822-40f3-aa7e-bd03482ae715.txt HTTP/1.1" 416 167
DEBUG: Reading GCS logfile: 416 (no new content; keep polling)
DEBUG: https://cloudbuild.googleapis.com:443 "GET /v1/projects/project-eed68c53-531e-44c6-adf/locations/global/builds/33df7299-d822-40f3-aa7e-bd03482ae715?alt=json HTTP/1.1" 200 None
DEBUG: https://storage.googleapis.com:443 "GET /918399584040.cloudbuild-logs.googleusercontent.com/log-33df7299-d822-40f3-aa7e-bd03482ae715.txt HTTP/1.1" 416 167
DEBUG: Reading GCS logfile: 416 (no new content; keep polling)
DEBUG: https://storage.googleapis.com:443 "GET /918399584040.cloudbuild-logs.googleusercontent.com/log-33df7299-d822-40f3-aa7e-bd03482ae715.txt HTTP/1.1" 416 167
DEBUG: Reading GCS logfile: 416 (no new content; keep polling)

BUILD FAILURE: Build step failure: build step 2 "gcr.io/cloud-builders/gcloud" failed: step exited with non-zero status: 1
DEBUG: (gcloud.builds.submit) build 33df7299-d822-40f3-aa7e-bd03482ae715 completed with status "FAILURE"
Traceback (most recent call last):
  File "/usr/bin/../lib/google-cloud-sdk/lib/googlecloudsdk/calliope/cli.py", line 941, in Execute
    resources = calliope_command.Run(cli=self, args=args)
  File "/usr/bin/../lib/google-cloud-sdk/lib/googlecloudsdk/calliope/backend.py", line 968, in Run
    resources = command_instance.Run(args)
  File "/usr/bin/../lib/google-cloud-sdk/lib/surface/builds/submit.py", line 269, in Run
    build, _ = submit_util.Build(
               ~~~~~~~~~~~~~~~~~^
        messages,
        ^^^^^^^^^
    ...<4 lines>...
        suppress_logs=args.suppress_logs,
        ^^^^^^^^^^^^^^^^^^^^^^^^^^^^^^^^^
        polling_interval=args.polling_interval)
        ^^^^^^^^^^^^^^^^^^^^^^^^^^^^^^^^^^^^^^^
  File "/usr/bin/../lib/google-cloud-sdk/lib/googlecloudsdk/command_lib/builds/submit_util.py", line 949, in Build
    raise FailedBuildException(build)
googlecloudsdk.command_lib.builds.submit_util.FailedBuildException: build 33df7299-d822-40f3-aa7e-bd03482ae715 completed with status "FAILURE"
ERROR: (gcloud.builds.submit) build 33df7299-d822-40f3-aa7e-bd03482ae715 completed with status "FAILURE"
-------------------------------------------------------------------------------------------------- REMOTE BUILD OUTPUT --------------------------------------------------------------------------------------------------
starting build "33df7299-d822-40f3-aa7e-bd03482ae715"

FETCHSOURCE
Fetching storage object: gs://project-eed68c53-531e-44c6-adf_cloudbuild/source/1783987622.835982-5545e4291cbd46c2905a4e5162ba1db5.tgz#1783987623174391
Copying gs://project-eed68c53-531e-44c6-adf_cloudbuild/source/1783987622.835982-5545e4291cbd46c2905a4e5162ba1db5.tgz#1783987623174391...
/ [0 files][    0.0 B/  2.1 KiB]                                                / [1 files][  2.1 KiB/  2.1 KiB]                                                
Operation completed over 1 objects/2.1 KiB.
BUILD
Starting Step #0 - "docker-build"
Step #0 - "docker-build": Already have image (with digest): gcr.io/cloud-builders/docker
Step #0 - "docker-build": Sending build context to Docker daemon  10.75kB
Step #0 - "docker-build": Step 1/2 : FROM alpine
Step #0 - "docker-build": latest: Pulling from library/alpine
Step #0 - "docker-build": Digest: sha256:28bd5fe8b56d1bd048e5babf5b10710ebe0bae67db86916198a6eec434943f8b
Step #0 - "docker-build": Status: Downloaded newer image for alpine:latest
Step #0 - "docker-build":  d529dd0c6e55
Step #0 - "docker-build": Step 2/2 : CMD ["echo", "Hello World!"]
Step #0 - "docker-build":  Running in 70e066bfbdd0
Step #0 - "docker-build": Removing intermediate container 70e066bfbdd0
Step #0 - "docker-build":  1032a843062c
Step #0 - "docker-build": Successfully built 1032a843062c
Step #0 - "docker-build": Successfully tagged gcr.io/project-eed68c53-531e-44c6-adf/myimage:latest
Finished Step #0 - "docker-build"
Starting Step #1 - "docker-push"
Step #1 - "docker-push": Already have image (with digest): gcr.io/cloud-builders/docker
Step #1 - "docker-push": The push refers to repository [gcr.io/project-eed68c53-531e-44c6-adf/myimage]
Step #1 - "docker-push": 34884abbe928: Preparing
Step #1 - "docker-push": 34884abbe928: Layer already exists
Step #1 - "docker-push": latest: digest: sha256:1998b374de38e6b794918b8d70269248db5ad298eab5eb05a2e777ebed1b3604 size: 528
Finished Step #1 - "docker-push"
Starting Step #2 - "deploy-cloudrun"
Step #2 - "deploy-cloudrun": Already have image (with digest): gcr.io/cloud-builders/gcloud
Step #2 - "deploy-cloudrun": Deploying container to Cloud Run service [my-service] in project [project-eed68c53-531e-44c6-adf] region [us-central1]
Step #2 - "deploy-cloudrun": Deploying...
Step #2 - "deploy-cloudrun": Setting IAM Policy.............done
Step #2 - "deploy-cloudrun": Creating Revision...............................................failed
Step #2 - "deploy-cloudrun": Deployment failed
Step #2 - "deploy-cloudrun": ERROR: (gcloud.run.deploy) The user-provided container failed to start and listen on the port defined provided by the PORT=8080 environment variable within the allocated timeout. This can happen when the container port is misconfigured or if the timeout is too short. The health check timeout can be extended. Logs for this revision might contain more information.
Step #2 - "deploy-cloudrun": 
Step #2 - "deploy-cloudrun": Logs URL: https://console.cloud.google.com/logs/viewer?project=project-eed68c53-531e-44c6-adf&resource=cloud_run_revision/service_name/my-service/revision_name/my-service-00005-v78&advancedFilter=resource.type%3D%22cloud_run_revision%22%0Aresource.labels.service_name%3D%22my-service%22%0Aresource.labels.revision_name%3D%22my-service-00005-v78%22 
Step #2 - "deploy-cloudrun": For more troubleshooting guidance, see https://cloud.google.com/run/docs/troubleshooting#container-failed-to-start
Finished Step #2 - "deploy-cloudrun"
ERROR
ERROR: build step 2 "gcr.io/cloud-builders/gcloud" failed: step exited with non-zero status: 1
-------------------------------------------------------------------------------------------------------------------------------------------------------------------------------------------------------------------------
